[2025-11-19 11:10:10.781] [IP:::1] 请求开始 - GET /
[2025-11-19 11:10:10.788] [IP:::1] 未知url /
[2025-11-19 11:10:10.791] [IP:::1] 请求结束 - GET / - 状态码:404 - 响应时间:10ms
[2025-11-19 11:10:10.920] [IP:::1] 请求开始 - GET /favicon.ico
[2025-11-19 11:10:10.925] [IP:::1] 未知url /favicon.ico
[2025-11-19 11:10:10.925] [IP:::1] 请求结束 - GET /favicon.ico - 状态码:404 - 响应时间:5ms
[2025-11-19 11:58:00.878] [IP:::1] 请求开始 - POST /user/login
[2025-11-19 11:58:00.890] [IP:::1] 请求结束 - POST /user/login - 状态码:200 - 响应时间:12ms
[2025-11-19 11:58:13.784] [IP:::1] 请求开始 - GET /system-page/list?current=1&size=20&descs=create_time&scene=yesong
[2025-11-19 11:58:13.803] [IP:::1] 请求结束 - GET /system-page/list?current=1&size=20&descs=create_time&scene=yesong - 状态码:200 - 响应时间:19ms
[2025-11-19 11:58:15.728] [IP:::1] 请求开始 - GET /navigation/list?current=1&size=20&descs=create_time&scene=yesong
[2025-11-19 11:58:15.731] [IP:::1] 请求结束 - GET /navigation/list?current=1&size=20&descs=create_time&scene=yesong - 状态码:200 - 响应时间:3ms
[2025-11-19 11:58:16.246] [IP:::1] 请求开始 - GET /decorate/customize/list?current=1&size=20&descs=create_time&scene=yesong
[2025-11-19 11:58:16.250] [IP:::1] 请求结束 - GET /decorate/customize/list?current=1&size=20&descs=create_time&scene=yesong - 状态码:200 - 响应时间:4ms
[2025-11-19 11:58:16.790] [IP:::1] 请求开始 - GET /system-page/list?current=1&size=20&descs=create_time&scene=yesong
[2025-11-19 11:58:16.793] [IP:::1] 请求结束 - GET /system-page/list?current=1&size=20&descs=create_time&scene=yesong - 状态码:200 - 响应时间:3ms
[2025-11-19 11:58:17.112] [IP:::1] 请求开始 - GET /navigation/list?current=1&size=20&descs=create_time&scene=yesong
[2025-11-19 11:58:17.115] [IP:::1] 请求结束 - GET /navigation/list?current=1&size=20&descs=create_time&scene=yesong - 状态码:200 - 响应时间:4ms
[2025-11-19 11:58:17.555] [IP:::1] 请求开始 - GET /decorate/customize/list?current=1&size=20&descs=create_time&scene=yesong
[2025-11-19 11:58:17.557] [IP:::1] 请求结束 - GET /decorate/customize/list?current=1&size=20&descs=create_time&scene=yesong - 状态码:200 - 响应时间:2ms
[2025-11-19 11:58:18.227] [IP:::1] 请求开始 - GET /resume/list?size=20&page=1
[2025-11-19 11:58:18.228] [IP:::1] 请求结束 - GET /resume/list?size=20&page=1 - 状态码:200 - 响应时间:1ms
[2025-11-19 11:59:23.656] [IP:::1] 请求开始 - GET /resume/list?size=20&page=1
[2025-11-19 11:59:23.658] [IP:::1] 请求结束 - GET /resume/list?size=20&page=1 - 状态码:200 - 响应时间:2ms
[2025-11-19 11:59:26.637] [IP:::1] 请求开始 - GET /system-page/list?current=1&size=20&descs=create_time&scene=yesong
[2025-11-19 11:59:26.644] [IP:::1] 请求结束 - GET /system-page/list?current=1&size=20&descs=create_time&scene=yesong - 状态码:200 - 响应时间:8ms
[2025-11-19 11:59:27.247] [IP:::1] 请求开始 - GET /navigation/list?current=1&size=20&descs=create_time&scene=yesong
[2025-11-19 11:59:27.251] [IP:::1] 请求结束 - GET /navigation/list?current=1&size=20&descs=create_time&scene=yesong - 状态码:200 - 响应时间:3ms
[2025-11-19 11:59:28.790] [IP:::1] 请求开始 - GET /resume/list?size=20&page=1
[2025-11-19 11:59:28.791] [IP:::1] 请求结束 - GET /resume/list?size=20&page=1 - 状态码:200 - 响应时间:1ms
[2025-11-19 11:59:30.342] [IP:::1] 请求开始 - GET /system-page/list?current=1&size=20&descs=create_time&scene=yesong
[2025-11-19 11:59:30.350] [IP:::1] 请求结束 - GET /system-page/list?current=1&size=20&descs=create_time&scene=yesong - 状态码:200 - 响应时间:8ms
[2025-11-19 14:58:17.778] [IP:::1] 请求开始 - GET /swagger-json
[2025-11-19 14:58:17.820] [IP:::1] 请求结束 - GET /swagger-json - 状态码:200 - 响应时间:42ms
[2025-11-19 14:59:12.574] [IP:::1] 请求开始 - GET /swagger-json
[2025-11-19 14:59:12.599] [IP:::1] 请求结束 - GET /swagger-json - 状态码:200 - 响应时间:25ms
[2025-11-19 14:59:24.313] [IP:::1] 请求开始 - GET /resume/list?size&page
[2025-11-19 14:59:24.316] [IP:::1] 请求结束 - GET /resume/list?size&page - 状态码:200 - 响应时间:3ms
[2025-11-19 15:00:20.570] [IP:::1] 请求开始 - GET /resume/list?size=9999
[2025-11-19 15:00:20.572] [IP:::1] 请求结束 - GET /resume/list?size=9999 - 状态码:200 - 响应时间:3ms
[2025-11-19 15:00:30.602] [IP:::1] 请求开始 - GET /resume/list?size=9999
[2025-11-19 15:00:30.604] [IP:::1] 请求结束 - GET /resume/list?size=9999 - 状态码:200 - 响应时间:2ms
[2025-11-19 15:00:33.503] [IP:::1] 请求开始 - GET /resume/list?size=9999
[2025-11-19 15:00:33.505] [IP:::1] 请求结束 - GET /resume/list?size=9999 - 状态码:200 - 响应时间:2ms
[2025-11-19 15:02:41.997] [IP:::1] 请求开始 - GET /resume/list?size=9999
[2025-11-19 15:02:42.005] [IP:::1] 请求结束 - GET /resume/list?size=9999 - 状态码:200 - 响应时间:8ms
[2025-11-19 15:02:50.315] [IP:::1] 请求开始 - GET /resume/list?size=9999
[2025-11-19 15:02:50.318] [IP:::1] 请求结束 - GET /resume/list?size=9999 - 状态码:200 - 响应时间:3ms
[2025-11-19 15:02:51.251] [IP:::1] 请求开始 - GET /resume/list?size=9999
[2025-11-19 15:02:51.254] [IP:::1] 请求结束 - GET /resume/list?size=9999 - 状态码:200 - 响应时间:3ms
[2025-11-19 15:02:52.853] [IP:::1] 请求开始 - GET /resume/list?size=9999
[2025-11-19 15:02:52.855] [IP:::1] 请求结束 - GET /resume/list?size=9999 - 状态码:200 - 响应时间:2ms
[2025-11-19 15:06:45.345] [IP:::1] 请求开始 - GET /resume/list?size=9999
[2025-11-19 15:06:45.356] [IP:::1] 请求结束 - GET /resume/list?size=9999 - 状态码:401 - 响应时间:11ms
[2025-11-19 15:06:49.586] [IP:::1] 请求开始 - POST /user/login
[2025-11-19 15:06:49.593] [IP:::1] 请求结束 - POST /user/login - 状态码:200 - 响应时间:7ms
[2025-11-19 15:06:55.625] [IP:::1] 请求开始 - POST /user/login
[2025-11-19 15:06:55.628] [IP:::1] 请求结束 - POST /user/login - 状态码:200 - 响应时间:3ms
[2025-11-19 15:07:02.522] [IP:::1] 请求开始 - GET /resume/list?size=9999
[2025-11-19 15:07:02.525] [IP:::1] 请求结束 - GET /resume/list?size=9999 - 状态码:401 - 响应时间:3ms
[2025-11-19 15:07:13.189] [IP:::1] 请求开始 - POST /user/login
[2025-11-19 15:07:13.194] [IP:::1] 请求结束 - POST /user/login - 状态码:200 - 响应时间:5ms
[2025-11-19 15:08:03.059] [IP:::1] 请求开始 - GET /resume/list?size=9999
[2025-11-19 15:08:03.061] [IP:::1] 请求结束 - GET /resume/list?size=9999 - 状态码:401 - 响应时间:2ms
[2025-11-19 15:08:03.071] [IP:::1] 请求开始 - GET /resume/list?size=9999
[2025-11-19 15:08:03.075] [IP:::1] 请求结束 - GET /resume/list?size=9999 - 状态码:401 - 响应时间:4ms
[2025-11-19 15:08:34.709] [IP:::1] 请求开始 - GET /resume/list?size=9999
[2025-11-19 15:08:34.711] [IP:::1] 请求结束 - GET /resume/list?size=9999 - 状态码:401 - 响应时间:2ms
[2025-11-19 15:09:00.553] [IP:::1] 请求开始 - GET /resume/list?size=9999
[2025-11-19 15:09:00.554] [IP:::1] 请求结束 - GET /resume/list?size=9999 - 状态码:401 - 响应时间:1ms
[2025-11-19 15:09:04.030] [IP:::1] 请求开始 - GET /resume/list?size=9999
[2025-11-19 15:09:04.033] [IP:::1] 请求结束 - GET /resume/list?size=9999 - 状态码:401 - 响应时间:3ms
[2025-11-19 15:09:09.715] [IP:::1] 请求开始 - GET /resume/list?size=9999
[2025-11-19 15:09:09.717] [IP:::1] 请求结束 - GET /resume/list?size=9999 - 状态码:401 - 响应时间:2ms
[2025-11-19 15:09:13.857] [IP:::1] 请求开始 - GET /resume/list?size=9999
[2025-11-19 15:09:13.859] [IP:::1] 请求结束 - GET /resume/list?size=9999 - 状态码:401 - 响应时间:2ms
[2025-11-19 15:09:24.583] [IP:::1] 请求开始 - GET /resume/list?size=9999
[2025-11-19 15:09:24.587] [IP:::1] 请求结束 - GET /resume/list?size=9999 - 状态码:401 - 响应时间:4ms
[2025-11-19 15:09:27.545] [IP:::1] 请求开始 - GET /resume/list?size=9999
[2025-11-19 15:09:27.547] [IP:::1] 请求结束 - GET /resume/list?size=9999 - 状态码:401 - 响应时间:2ms
[2025-11-19 15:09:47.009] [IP:::1] 请求开始 - GET /resume/list?size=9999
[2025-11-19 15:09:47.011] [IP:::1] 请求结束 - GET /resume/list?size=9999 - 状态码:401 - 响应时间:2ms
[2025-11-19 15:09:49.905] [IP:::1] 请求开始 - GET /resume/list?size=9999
[2025-11-19 15:09:49.908] [IP:::1] 请求结束 - GET /resume/list?size=9999 - 状态码:401 - 响应时间:3ms
[2025-11-19 15:10:03.959] [IP:::1] 请求开始 - GET /resume/list?size=9999
[2025-11-19 15:10:03.961] [IP:::1] 请求结束 - GET /resume/list?size=9999 - 状态码:401 - 响应时间:2ms
[2025-11-19 15:10:06.916] [IP:::1] 请求开始 - GET /resume/list?size=9999
[2025-11-19 15:10:06.917] [IP:::1] 请求结束 - GET /resume/list?size=9999 - 状态码:401 - 响应时间:1ms
[2025-11-19 15:10:10.866] [IP:::1] 请求开始 - GET /resume/list?size=9999
[2025-11-19 15:10:10.868] [IP:::1] 请求结束 - GET /resume/list?size=9999 - 状态码:401 - 响应时间:2ms
[2025-11-19 15:10:12.098] [IP:::1] 请求开始 - POST /user/login
[2025-11-19 15:10:12.106] [IP:::1] 请求结束 - POST /user/login - 状态码:200 - 响应时间:8ms
[2025-11-19 15:10:15.355] [IP:::1] 请求开始 - GET /resume/list?size=9999
[2025-11-19 15:10:15.368] [IP:::1] 请求结束 - GET /resume/list?size=9999 - 状态码:200 - 响应时间:13ms
[2025-11-19 15:10:56.735] [IP:::1] 请求开始 - GET /resume/list?size=9999
[2025-11-19 15:10:56.749] [IP:::1] 请求结束 - GET /resume/list?size=9999 - 状态码:200 - 响应时间:14ms
[2025-11-19 15:15:02.479] [IP:::1] 请求开始 - GET /resume/list?size=9999
[2025-11-19 15:15:02.497] [IP:::1] 请求结束 - GET /resume/list?size=9999 - 状态码:200 - 响应时间:18ms
[2025-11-19 15:15:08.890] [IP:::1] 请求开始 - GET /resume/list?size=9999
[2025-11-19 15:15:08.897] [IP:::1] 请求结束 - GET /resume/list?size=9999 - 状态码:200 - 响应时间:7ms
[2025-11-19 15:15:08.904] [IP:::1] 请求开始 - GET /resume/list?size=9999
[2025-11-19 15:15:08.912] [IP:::1] 请求结束 - GET /resume/list?size=9999 - 状态码:200 - 响应时间:8ms
[2025-11-19 15:16:33.747] [IP:::1] 请求开始 - GET /resume/list?size=9999
[2025-11-19 15:16:33.766] [IP:::1] 请求结束 - GET /resume/list?size=9999 - 状态码:200 - 响应时间:18ms
[2025-11-19 15:16:44.554] [IP:::1] 请求开始 - GET /resume/list?size=9999
[2025-11-19 15:16:44.570] [IP:::1] 请求结束 - GET /resume/list?size=9999 - 状态码:200 - 响应时间:16ms
[2025-11-19 15:17:06.050] [IP:::1] 请求开始 - GET /resume/list?size=9999
[2025-11-19 15:17:06.061] [IP:::1] 请求结束 - GET /resume/list?size=9999 - 状态码:200 - 响应时间:11ms
[2025-11-19 15:17:37.207] [IP:::1] 请求开始 - GET /resume/list?size=9999
[2025-11-19 15:17:37.219] [IP:::1] 请求结束 - GET /resume/list?size=9999 - 状态码:200 - 响应时间:12ms
[2025-11-19 15:19:24.914] [IP:::1] 请求开始 - GET /resume/list?size=9999
[2025-11-19 15:19:24.929] [IP:::1] 请求结束 - GET /resume/list?size=9999 - 状态码:200 - 响应时间:15ms
[2025-11-19 15:20:04.851] [IP:::1] 请求开始 - GET /resume/list?size=9999
[2025-11-19 15:20:04.860] [IP:::1] 请求结束 - GET /resume/list?size=9999 - 状态码:200 - 响应时间:9ms
[2025-11-19 15:20:07.219] [IP:::1] 请求开始 - GET /resume/list?size=9999
[2025-11-19 15:20:07.226] [IP:::1] 请求结束 - GET /resume/list?size=9999 - 状态码:200 - 响应时间:7ms
[2025-11-19 15:20:09.860] [IP:::1] 请求开始 - GET /resume/list?size=9999
[2025-11-19 15:20:09.865] [IP:::1] 请求结束 - GET /resume/list?size=9999 - 状态码:200 - 响应时间:5ms
[2025-11-19 15:20:49.306] [IP:::1] 请求开始 - GET /resume/list?size=9999
[2025-11-19 15:20:49.319] [IP:::1] 请求结束 - GET /resume/list?size=9999 - 状态码:200 - 响应时间:13ms
[2025-11-19 15:20:59.741] [IP:::1] 请求开始 - GET /resume/list?size=9999
[2025-11-19 15:20:59.752] [IP:::1] 请求结束 - GET /resume/list?size=9999 - 状态码:200 - 响应时间:11ms
[2025-11-19 15:21:23.845] [IP:::1] 请求开始 - GET /resume/list?size=9999
[2025-11-19 15:21:23.857] [IP:::1] 请求结束 - GET /resume/list?size=9999 - 状态码:200 - 响应时间:12ms
[2025-11-19 15:22:44.552] [IP:::1] 请求开始 - GET /resume/list?size=9999
[2025-11-19 15:22:44.562] [IP:::1] 请求结束 - GET /resume/list?size=9999 - 状态码:200 - 响应时间:10ms
[2025-11-19 15:24:53.292] [IP:::1] 请求开始 - GET /resume/list?size=9999
[2025-11-19 15:24:53.303] [IP:::1] 请求结束 - GET /resume/list?size=9999 - 状态码:200 - 响应时间:11ms
[2025-11-19 15:28:44.566] [IP:::1] 请求开始 - GET /resume/list?size=9999
[2025-11-19 15:28:44.576] [IP:::1] 请求结束 - GET /resume/list?size=9999 - 状态码:200 - 响应时间:10ms
[2025-11-19 15:28:49.657] [IP:::1] 请求开始 - GET /resume/list?size=9999
[2025-11-19 15:28:49.664] [IP:::1] 请求结束 - GET /resume/list?size=9999 - 状态码:200 - 响应时间:7ms
[2025-11-19 15:29:15.814] [IP:::1] 请求开始 - GET /resume/list?size=9999
[2025-11-19 15:29:15.824] [IP:::1] 请求结束 - GET /resume/list?size=9999 - 状态码:200 - 响应时间:10ms
[2025-11-19 16:15:11.348] [IP:::1] 请求开始 - GET /resume/list?size=9999
[2025-11-19 16:15:11.358] [IP:::1] 请求结束 - GET /resume/list?size=9999 - 状态码:200 - 响应时间:10ms
[2025-11-19 16:15:11.772] [IP:::1] 请求开始 - GET /resume/list?size=9999
[2025-11-19 16:15:11.778] [IP:::1] 请求结束 - GET /resume/list?size=9999 - 状态码:200 - 响应时间:6ms
[2025-11-19 16:15:11.999] [IP:::1] 请求开始 - GET /resume/list?size=9999
[2025-11-19 16:15:12.004] [IP:::1] 请求结束 - GET /resume/list?size=9999 - 状态码:200 - 响应时间:5ms
[2025-11-19 16:15:12.296] [IP:::1] 请求开始 - GET /resume/list?size=9999
[2025-11-19 16:15:12.302] [IP:::1] 请求结束 - GET /resume/list?size=9999 - 状态码:200 - 响应时间:6ms
[2025-11-19 16:15:12.417] [IP:::1] 请求开始 - GET /resume/list?size=9999
[2025-11-19 16:15:12.422] [IP:::1] 请求结束 - GET /resume/list?size=9999 - 状态码:200 - 响应时间:5ms
[2025-11-19 16:15:18.788] [IP:::1] 请求开始 - GET /resume/list?size=9999
[2025-11-19 16:15:18.794] [IP:::1] 请求结束 - GET /resume/list?size=9999 - 状态码:200 - 响应时间:6ms
[2025-11-19 16:16:00.374] [IP:::1] 请求开始 - GET /resume/list?size=9999
[2025-11-19 16:16:00.384] [IP:::1] 请求结束 - GET /resume/list?size=9999 - 状态码:200 - 响应时间:10ms
[2025-11-19 16:16:03.819] [IP:::1] 请求开始 - GET /resume/list?size=9999
[2025-11-19 16:16:03.825] [IP:::1] 请求结束 - GET /resume/list?size=9999 - 状态码:200 - 响应时间:6ms
