[2025-11-19 11:06:07.194] 当前运行环境: local
[2025-11-19 11:06:07.195] 使用数据库: birthdayDb_test
[2025-11-19 11:06:12.547] Server is running at http://localhost:3279
[2025-11-19 11:06:12.571] 尝试创建数据库（如果不存在）...
[2025-11-19 11:06:12.577] 数据库 birthdayDb_test 检查/创建完成
[2025-11-19 11:06:12.577] 开始同步数据库表结构，已加载模型: [User, Authority, Resume, IllegalRequest, Navigation, SystemPage, CustomPage, AuthWeapp, Shop]
[2025-11-19 11:06:13.263] 数据库表结构创建/更新完成！
[2025-11-19 11:06:13.273] 默认导航种子：检测到 scene=yesong 已存在 1 条记录，跳过创建
[2025-11-19 11:06:13.326] 系统页面种子：已为 yesong 创建 5 条缺失页面
[2025-11-19 11:47:45.771] 当前运行环境: local
[2025-11-19 11:47:45.772] 使用数据库: birthdayDb_test
[2025-11-19 11:47:49.692] Server is running at http://localhost:3279
[2025-11-19 11:47:49.708] 尝试创建数据库（如果不存在）...
[2025-11-19 11:47:49.711] 数据库 birthdayDb_test 检查/创建完成
[2025-11-19 11:47:49.711] 开始同步数据库表结构，已加载模型: [User, Authority, Resume, IllegalRequest, Navigation, SystemPage, CustomPage, AuthWeapp, Shop]
[2025-11-19 11:47:50.384] 数据库表结构创建/更新完成！
[2025-11-19 11:47:50.389] 默认导航种子：检测到 scene=yesong 已存在 1 条记录，跳过创建
[2025-11-19 11:47:50.398] 系统页面种子：所有场景的必备页面均已存在，无需创建
[2025-11-19 14:57:11.086] 当前运行环境: local
[2025-11-19 14:57:11.087] 使用数据库: birthdayDb_test
[2025-11-19 14:57:15.445] Server is running at http://localhost:3279
[2025-11-19 14:57:15.458] 尝试创建数据库（如果不存在）...
[2025-11-19 14:57:15.461] 数据库 birthdayDb_test 检查/创建完成
[2025-11-19 14:57:15.461] 开始同步数据库表结构，已加载模型: [User, Authority, Resume, IllegalRequest, Navigation, SystemPage, CustomPage, AuthWeapp, Shop]
[2025-11-19 14:57:16.119] 数据库表结构创建/更新完成！
[2025-11-19 14:57:16.123] 默认导航种子：检测到 scene=yesong 已存在 1 条记录，跳过创建
[2025-11-19 14:57:16.134] 系统页面种子：所有场景的必备页面均已存在，无需创建
[2025-11-19 14:57:22.458] 当前运行环境: local
[2025-11-19 14:57:22.459] 使用数据库: birthdayDb_test
[2025-11-19 14:57:27.381] Server is running at http://localhost:3279
[2025-11-19 14:57:27.396] 尝试创建数据库（如果不存在）...
[2025-11-19 14:57:27.400] 数据库 birthdayDb_test 检查/创建完成
[2025-11-19 14:57:27.400] 开始同步数据库表结构，已加载模型: [User, Authority, Resume, IllegalRequest, Navigation, SystemPage, CustomPage, AuthWeapp, Shop]
[2025-11-19 14:57:28.083] 数据库表结构创建/更新完成！
[2025-11-19 14:57:28.088] 默认导航种子：检测到 scene=yesong 已存在 1 条记录，跳过创建
[2025-11-19 14:57:28.098] 系统页面种子：所有场景的必备页面均已存在，无需创建
[2025-11-19 14:57:38.713] 当前运行环境: local
[2025-11-19 14:57:38.714] 使用数据库: birthdayDb_test
[2025-11-19 14:57:43.493] Server is running at http://localhost:3279
[2025-11-19 14:57:43.503] 尝试创建数据库（如果不存在）...
[2025-11-19 14:57:43.505] 数据库 birthdayDb_test 检查/创建完成
[2025-11-19 14:57:43.506] 开始同步数据库表结构，已加载模型: [User, Authority, Resume, IllegalRequest, Navigation, SystemPage, CustomPage, AuthWeapp, Shop]
[2025-11-19 14:57:44.169] 数据库表结构创建/更新完成！
[2025-11-19 14:57:44.173] 默认导航种子：检测到 scene=yesong 已存在 1 条记录，跳过创建
[2025-11-19 14:57:44.184] 系统页面种子：所有场景的必备页面均已存在，无需创建
[2025-11-19 15:02:11.944] 当前运行环境: local
[2025-11-19 15:02:11.945] 使用数据库: birthdayDb_test
[2025-11-19 15:02:16.781] Server is running at http://localhost:3279
[2025-11-19 15:02:16.796] 尝试创建数据库（如果不存在）...
[2025-11-19 15:02:16.799] 数据库 birthdayDb_test 检查/创建完成
[2025-11-19 15:02:16.799] 开始同步数据库表结构，已加载模型: [User, Authority, Resume, IllegalRequest, Navigation, SystemPage, CustomPage, AuthWeapp, Shop]
[2025-11-19 15:02:17.516] 数据库表结构创建/更新完成！
[2025-11-19 15:02:17.521] 默认导航种子：检测到 scene=yesong 已存在 1 条记录，跳过创建
[2025-11-19 15:02:17.535] 系统页面种子：所有场景的必备页面均已存在，无需创建
[2025-11-19 15:05:40.271] 当前运行环境: local
[2025-11-19 15:05:40.272] 使用数据库: birthdayDb_test
[2025-11-19 15:05:44.617] Server is running at http://localhost:3279
[2025-11-19 15:05:44.627] 尝试创建数据库（如果不存在）...
[2025-11-19 15:05:44.629] 数据库 birthdayDb_test 检查/创建完成
[2025-11-19 15:05:44.629] 开始同步数据库表结构，已加载模型: [User, Authority, Resume, IllegalRequest, Navigation, SystemPage, CustomPage, AuthWeapp, Shop]
[2025-11-19 15:05:45.263] 数据库表结构创建/更新完成！
[2025-11-19 15:05:45.267] 默认导航种子：检测到 scene=yesong 已存在 1 条记录，跳过创建
[2025-11-19 15:05:45.281] 系统页面种子：所有场景的必备页面均已存在，无需创建
[2025-11-19 15:10:45.487] 当前运行环境: local
[2025-11-19 15:10:45.488] 使用数据库: birthdayDb_test
[2025-11-19 15:10:49.585] Server is running at http://localhost:3279
[2025-11-19 15:10:49.596] 尝试创建数据库（如果不存在）...
[2025-11-19 15:10:49.599] 数据库 birthdayDb_test 检查/创建完成
[2025-11-19 15:10:49.599] 开始同步数据库表结构，已加载模型: [User, Authority, Resume, IllegalRequest, Navigation, SystemPage, CustomPage, AuthWeapp, Shop]
[2025-11-19 15:10:50.238] 数据库表结构创建/更新完成！
[2025-11-19 15:10:50.243] 默认导航种子：检测到 scene=yesong 已存在 1 条记录，跳过创建
[2025-11-19 15:10:50.252] 系统页面种子：所有场景的必备页面均已存在，无需创建
