[2025-11-19 11:10:10.781] [IP:::1] 请求开始 - GET /
[2025-11-19 11:10:10.788] [IP:::1] 未知url /
[2025-11-19 11:10:10.791] [IP:::1] 请求结束 - GET / - 状态码:404 - 响应时间:10ms
[2025-11-19 11:10:10.920] [IP:::1] 请求开始 - GET /favicon.ico
[2025-11-19 11:10:10.925] [IP:::1] 未知url /favicon.ico
[2025-11-19 11:10:10.925] [IP:::1] 请求结束 - GET /favicon.ico - 状态码:404 - 响应时间:5ms
[2025-11-19 11:58:00.878] [IP:::1] 请求开始 - POST /user/login
[2025-11-19 11:58:00.890] [IP:::1] 请求结束 - POST /user/login - 状态码:200 - 响应时间:12ms
[2025-11-19 11:58:13.784] [IP:::1] 请求开始 - GET /system-page/list?current=1&size=20&descs=create_time&scene=yesong
[2025-11-19 11:58:13.803] [IP:::1] 请求结束 - GET /system-page/list?current=1&size=20&descs=create_time&scene=yesong - 状态码:200 - 响应时间:19ms
[2025-11-19 11:58:15.728] [IP:::1] 请求开始 - GET /navigation/list?current=1&size=20&descs=create_time&scene=yesong
[2025-11-19 11:58:15.731] [IP:::1] 请求结束 - GET /navigation/list?current=1&size=20&descs=create_time&scene=yesong - 状态码:200 - 响应时间:3ms
[2025-11-19 11:58:16.246] [IP:::1] 请求开始 - GET /decorate/customize/list?current=1&size=20&descs=create_time&scene=yesong
[2025-11-19 11:58:16.250] [IP:::1] 请求结束 - GET /decorate/customize/list?current=1&size=20&descs=create_time&scene=yesong - 状态码:200 - 响应时间:4ms
[2025-11-19 11:58:16.790] [IP:::1] 请求开始 - GET /system-page/list?current=1&size=20&descs=create_time&scene=yesong
[2025-11-19 11:58:16.793] [IP:::1] 请求结束 - GET /system-page/list?current=1&size=20&descs=create_time&scene=yesong - 状态码:200 - 响应时间:3ms
[2025-11-19 11:58:17.112] [IP:::1] 请求开始 - GET /navigation/list?current=1&size=20&descs=create_time&scene=yesong
[2025-11-19 11:58:17.115] [IP:::1] 请求结束 - GET /navigation/list?current=1&size=20&descs=create_time&scene=yesong - 状态码:200 - 响应时间:4ms
[2025-11-19 11:58:17.555] [IP:::1] 请求开始 - GET /decorate/customize/list?current=1&size=20&descs=create_time&scene=yesong
[2025-11-19 11:58:17.557] [IP:::1] 请求结束 - GET /decorate/customize/list?current=1&size=20&descs=create_time&scene=yesong - 状态码:200 - 响应时间:2ms
[2025-11-19 11:58:18.227] [IP:::1] 请求开始 - GET /resume/list?size=20&page=1
[2025-11-19 11:58:18.228] [IP:::1] 请求结束 - GET /resume/list?size=20&page=1 - 状态码:200 - 响应时间:1ms
[2025-11-19 11:59:23.656] [IP:::1] 请求开始 - GET /resume/list?size=20&page=1
[2025-11-19 11:59:23.658] [IP:::1] 请求结束 - GET /resume/list?size=20&page=1 - 状态码:200 - 响应时间:2ms
[2025-11-19 11:59:26.637] [IP:::1] 请求开始 - GET /system-page/list?current=1&size=20&descs=create_time&scene=yesong
[2025-11-19 11:59:26.644] [IP:::1] 请求结束 - GET /system-page/list?current=1&size=20&descs=create_time&scene=yesong - 状态码:200 - 响应时间:8ms
[2025-11-19 11:59:27.247] [IP:::1] 请求开始 - GET /navigation/list?current=1&size=20&descs=create_time&scene=yesong
[2025-11-19 11:59:27.251] [IP:::1] 请求结束 - GET /navigation/list?current=1&size=20&descs=create_time&scene=yesong - 状态码:200 - 响应时间:3ms
[2025-11-19 11:59:28.790] [IP:::1] 请求开始 - GET /resume/list?size=20&page=1
[2025-11-19 11:59:28.791] [IP:::1] 请求结束 - GET /resume/list?size=20&page=1 - 状态码:200 - 响应时间:1ms
[2025-11-19 11:59:30.342] [IP:::1] 请求开始 - GET /system-page/list?current=1&size=20&descs=create_time&scene=yesong
[2025-11-19 11:59:30.350] [IP:::1] 请求结束 - GET /system-page/list?current=1&size=20&descs=create_time&scene=yesong - 状态码:200 - 响应时间:8ms
[2025-11-19 14:58:17.778] [IP:::1] 请求开始 - GET /swagger-json
[2025-11-19 14:58:17.820] [IP:::1] 请求结束 - GET /swagger-json - 状态码:200 - 响应时间:42ms
[2025-11-19 14:59:12.574] [IP:::1] 请求开始 - GET /swagger-json
[2025-11-19 14:59:12.599] [IP:::1] 请求结束 - GET /swagger-json - 状态码:200 - 响应时间:25ms
[2025-11-19 14:59:24.313] [IP:::1] 请求开始 - GET /resume/list?size&page
[2025-11-19 14:59:24.316] [IP:::1] 请求结束 - GET /resume/list?size&page - 状态码:200 - 响应时间:3ms
[2025-11-19 15:00:20.570] [IP:::1] 请求开始 - GET /resume/list?size=9999
[2025-11-19 15:00:20.572] [IP:::1] 请求结束 - GET /resume/list?size=9999 - 状态码:200 - 响应时间:3ms
[2025-11-19 15:00:30.602] [IP:::1] 请求开始 - GET /resume/list?size=9999
[2025-11-19 15:00:30.604] [IP:::1] 请求结束 - GET /resume/list?size=9999 - 状态码:200 - 响应时间:2ms
[2025-11-19 15:00:33.503] [IP:::1] 请求开始 - GET /resume/list?size=9999
[2025-11-19 15:00:33.505] [IP:::1] 请求结束 - GET /resume/list?size=9999 - 状态码:200 - 响应时间:2ms
[2025-11-19 15:02:41.997] [IP:::1] 请求开始 - GET /resume/list?size=9999
[2025-11-19 15:02:42.005] [IP:::1] 请求结束 - GET /resume/list?size=9999 - 状态码:200 - 响应时间:8ms
[2025-11-19 15:02:50.315] [IP:::1] 请求开始 - GET /resume/list?size=9999
[2025-11-19 15:02:50.318] [IP:::1] 请求结束 - GET /resume/list?size=9999 - 状态码:200 - 响应时间:3ms
[2025-11-19 15:02:51.251] [IP:::1] 请求开始 - GET /resume/list?size=9999
[2025-11-19 15:02:51.254] [IP:::1] 请求结束 - GET /resume/list?size=9999 - 状态码:200 - 响应时间:3ms
[2025-11-19 15:02:52.853] [IP:::1] 请求开始 - GET /resume/list?size=9999
[2025-11-19 15:02:52.855] [IP:::1] 请求结束 - GET /resume/list?size=9999 - 状态码:200 - 响应时间:2ms
[2025-11-19 15:06:45.345] [IP:::1] 请求开始 - GET /resume/list?size=9999
[2025-11-19 15:06:45.356] [IP:::1] 请求结束 - GET /resume/list?size=9999 - 状态码:401 - 响应时间:11ms
[2025-11-19 15:06:49.586] [IP:::1] 请求开始 - POST /user/login
[2025-11-19 15:06:49.593] [IP:::1] 请求结束 - POST /user/login - 状态码:200 - 响应时间:7ms
[2025-11-19 15:06:55.625] [IP:::1] 请求开始 - POST /user/login
[2025-11-19 15:06:55.628] [IP:::1] 请求结束 - POST /user/login - 状态码:200 - 响应时间:3ms
[2025-11-19 15:07:02.522] [IP:::1] 请求开始 - GET /resume/list?size=9999
[2025-11-19 15:07:02.525] [IP:::1] 请求结束 - GET /resume/list?size=9999 - 状态码:401 - 响应时间:3ms
[2025-11-19 15:07:13.189] [IP:::1] 请求开始 - POST /user/login
[2025-11-19 15:07:13.194] [IP:::1] 请求结束 - POST /user/login - 状态码:200 - 响应时间:5ms
[2025-11-19 15:08:03.059] [IP:::1] 请求开始 - GET /resume/list?size=9999
[2025-11-19 15:08:03.061] [IP:::1] 请求结束 - GET /resume/list?size=9999 - 状态码:401 - 响应时间:2ms
[2025-11-19 15:08:03.071] [IP:::1] 请求开始 - GET /resume/list?size=9999
[2025-11-19 15:08:03.075] [IP:::1] 请求结束 - GET /resume/list?size=9999 - 状态码:401 - 响应时间:4ms
[2025-11-19 15:08:34.709] [IP:::1] 请求开始 - GET /resume/list?size=9999
[2025-11-19 15:08:34.711] [IP:::1] 请求结束 - GET /resume/list?size=9999 - 状态码:401 - 响应时间:2ms
[2025-11-19 15:09:00.553] [IP:::1] 请求开始 - GET /resume/list?size=9999
[2025-11-19 15:09:00.554] [IP:::1] 请求结束 - GET /resume/list?size=9999 - 状态码:401 - 响应时间:1ms
[2025-11-19 15:09:04.030] [IP:::1] 请求开始 - GET /resume/list?size=9999
[2025-11-19 15:09:04.033] [IP:::1] 请求结束 - GET /resume/list?size=9999 - 状态码:401 - 响应时间:3ms
[2025-11-19 15:09:09.715] [IP:::1] 请求开始 - GET /resume/list?size=9999
[2025-11-19 15:09:09.717] [IP:::1] 请求结束 - GET /resume/list?size=9999 - 状态码:401 - 响应时间:2ms
[2025-11-19 15:09:13.857] [IP:::1] 请求开始 - GET /resume/list?size=9999
[2025-11-19 15:09:13.859] [IP:::1] 请求结束 - GET /resume/list?size=9999 - 状态码:401 - 响应时间:2ms
[2025-11-19 15:09:24.583] [IP:::1] 请求开始 - GET /resume/list?size=9999
[2025-11-19 15:09:24.587] [IP:::1] 请求结束 - GET /resume/list?size=9999 - 状态码:401 - 响应时间:4ms
[2025-11-19 15:09:27.545] [IP:::1] 请求开始 - GET /resume/list?size=9999
[2025-11-19 15:09:27.547] [IP:::1] 请求结束 - GET /resume/list?size=9999 - 状态码:401 - 响应时间:2ms
[2025-11-19 15:09:47.009] [IP:::1] 请求开始 - GET /resume/list?size=9999
[2025-11-19 15:09:47.011] [IP:::1] 请求结束 - GET /resume/list?size=9999 - 状态码:401 - 响应时间:2ms
[2025-11-19 15:09:49.905] [IP:::1] 请求开始 - GET /resume/list?size=9999
[2025-11-19 15:09:49.908] [IP:::1] 请求结束 - GET /resume/list?size=9999 - 状态码:401 - 响应时间:3ms
[2025-11-19 15:10:03.959] [IP:::1] 请求开始 - GET /resume/list?size=9999
[2025-11-19 15:10:03.961] [IP:::1] 请求结束 - GET /resume/list?size=9999 - 状态码:401 - 响应时间:2ms
[2025-11-19 15:10:06.916] [IP:::1] 请求开始 - GET /resume/list?size=9999
[2025-11-19 15:10:06.917] [IP:::1] 请求结束 - GET /resume/list?size=9999 - 状态码:401 - 响应时间:1ms
[2025-11-19 15:10:10.866] [IP:::1] 请求开始 - GET /resume/list?size=9999
[2025-11-19 15:10:10.868] [IP:::1] 请求结束 - GET /resume/list?size=9999 - 状态码:401 - 响应时间:2ms
[2025-11-19 15:10:12.098] [IP:::1] 请求开始 - POST /user/login
[2025-11-19 15:10:12.106] [IP:::1] 请求结束 - POST /user/login - 状态码:200 - 响应时间:8ms
[2025-11-19 15:10:15.355] [IP:::1] 请求开始 - GET /resume/list?size=9999
[2025-11-19 15:10:15.368] [IP:::1] 请求结束 - GET /resume/list?size=9999 - 状态码:200 - 响应时间:13ms
[2025-11-19 15:10:56.735] [IP:::1] 请求开始 - GET /resume/list?size=9999
[2025-11-19 15:10:56.749] [IP:::1] 请求结束 - GET /resume/list?size=9999 - 状态码:200 - 响应时间:14ms
[2025-11-19 15:15:02.479] [IP:::1] 请求开始 - GET /resume/list?size=9999
[2025-11-19 15:15:02.497] [IP:::1] 请求结束 - GET /resume/list?size=9999 - 状态码:200 - 响应时间:18ms
[2025-11-19 15:15:08.890] [IP:::1] 请求开始 - GET /resume/list?size=9999
[2025-11-19 15:15:08.897] [IP:::1] 请求结束 - GET /resume/list?size=9999 - 状态码:200 - 响应时间:7ms
[2025-11-19 15:15:08.904] [IP:::1] 请求开始 - GET /resume/list?size=9999
[2025-11-19 15:15:08.912] [IP:::1] 请求结束 - GET /resume/list?size=9999 - 状态码:200 - 响应时间:8ms
[2025-11-19 15:16:33.747] [IP:::1] 请求开始 - GET /resume/list?size=9999
[2025-11-19 15:16:33.766] [IP:::1] 请求结束 - GET /resume/list?size=9999 - 状态码:200 - 响应时间:18ms
[2025-11-19 15:16:44.554] [IP:::1] 请求开始 - GET /resume/list?size=9999
[2025-11-19 15:16:44.570] [IP:::1] 请求结束 - GET /resume/list?size=9999 - 状态码:200 - 响应时间:16ms
[2025-11-19 15:17:06.050] [IP:::1] 请求开始 - GET /resume/list?size=9999
[2025-11-19 15:17:06.061] [IP:::1] 请求结束 - GET /resume/list?size=9999 - 状态码:200 - 响应时间:11ms
[2025-11-19 15:17:37.207] [IP:::1] 请求开始 - GET /resume/list?size=9999
[2025-11-19 15:17:37.219] [IP:::1] 请求结束 - GET /resume/list?size=9999 - 状态码:200 - 响应时间:12ms
[2025-11-19 15:19:24.914] [IP:::1] 请求开始 - GET /resume/list?size=9999
[2025-11-19 15:19:24.929] [IP:::1] 请求结束 - GET /resume/list?size=9999 - 状态码:200 - 响应时间:15ms
[2025-11-19 15:20:04.851] [IP:::1] 请求开始 - GET /resume/list?size=9999
[2025-11-19 15:20:04.860] [IP:::1] 请求结束 - GET /resume/list?size=9999 - 状态码:200 - 响应时间:9ms
[2025-11-19 15:20:07.219] [IP:::1] 请求开始 - GET /resume/list?size=9999
[2025-11-19 15:20:07.226] [IP:::1] 请求结束 - GET /resume/list?size=9999 - 状态码:200 - 响应时间:7ms
[2025-11-19 15:20:09.860] [IP:::1] 请求开始 - GET /resume/list?size=9999
[2025-11-19 15:20:09.865] [IP:::1] 请求结束 - GET /resume/list?size=9999 - 状态码:200 - 响应时间:5ms
[2025-11-19 15:20:49.306] [IP:::1] 请求开始 - GET /resume/list?size=9999
[2025-11-19 15:20:49.319] [IP:::1] 请求结束 - GET /resume/list?size=9999 - 状态码:200 - 响应时间:13ms
[2025-11-19 15:20:59.741] [IP:::1] 请求开始 - GET /resume/list?size=9999
[2025-11-19 15:20:59.752] [IP:::1] 请求结束 - GET /resume/list?size=9999 - 状态码:200 - 响应时间:11ms
[2025-11-19 15:21:23.845] [IP:::1] 请求开始 - GET /resume/list?size=9999
[2025-11-19 15:21:23.857] [IP:::1] 请求结束 - GET /resume/list?size=9999 - 状态码:200 - 响应时间:12ms
[2025-11-19 15:22:44.552] [IP:::1] 请求开始 - GET /resume/list?size=9999
[2025-11-19 15:22:44.562] [IP:::1] 请求结束 - GET /resume/list?size=9999 - 状态码:200 - 响应时间:10ms
[2025-11-19 15:24:53.292] [IP:::1] 请求开始 - GET /resume/list?size=9999
[2025-11-19 15:24:53.303] [IP:::1] 请求结束 - GET /resume/list?size=9999 - 状态码:200 - 响应时间:11ms
[2025-11-19 15:28:44.566] [IP:::1] 请求开始 - GET /resume/list?size=9999
[2025-11-19 15:28:44.576] [IP:::1] 请求结束 - GET /resume/list?size=9999 - 状态码:200 - 响应时间:10ms
[2025-11-19 15:28:49.657] [IP:::1] 请求开始 - GET /resume/list?size=9999
[2025-11-19 15:28:49.664] [IP:::1] 请求结束 - GET /resume/list?size=9999 - 状态码:200 - 响应时间:7ms
[2025-11-19 15:29:15.814] [IP:::1] 请求开始 - GET /resume/list?size=9999
[2025-11-19 15:29:15.824] [IP:::1] 请求结束 - GET /resume/list?size=9999 - 状态码:200 - 响应时间:10ms
[2025-11-19 16:15:11.348] [IP:::1] 请求开始 - GET /resume/list?size=9999
[2025-11-19 16:15:11.358] [IP:::1] 请求结束 - GET /resume/list?size=9999 - 状态码:200 - 响应时间:10ms
[2025-11-19 16:15:11.772] [IP:::1] 请求开始 - GET /resume/list?size=9999
[2025-11-19 16:15:11.778] [IP:::1] 请求结束 - GET /resume/list?size=9999 - 状态码:200 - 响应时间:6ms
[2025-11-19 16:15:11.999] [IP:::1] 请求开始 - GET /resume/list?size=9999
[2025-11-19 16:15:12.004] [IP:::1] 请求结束 - GET /resume/list?size=9999 - 状态码:200 - 响应时间:5ms
[2025-11-19 16:15:12.296] [IP:::1] 请求开始 - GET /resume/list?size=9999
[2025-11-19 16:15:12.302] [IP:::1] 请求结束 - GET /resume/list?size=9999 - 状态码:200 - 响应时间:6ms
[2025-11-19 16:15:12.417] [IP:::1] 请求开始 - GET /resume/list?size=9999
[2025-11-19 16:15:12.422] [IP:::1] 请求结束 - GET /resume/list?size=9999 - 状态码:200 - 响应时间:5ms
[2025-11-19 16:15:18.788] [IP:::1] 请求开始 - GET /resume/list?size=9999
[2025-11-19 16:15:18.794] [IP:::1] 请求结束 - GET /resume/list?size=9999 - 状态码:200 - 响应时间:6ms
[2025-11-19 16:16:00.374] [IP:::1] 请求开始 - GET /resume/list?size=9999
[2025-11-19 16:16:00.384] [IP:::1] 请求结束 - GET /resume/list?size=9999 - 状态码:200 - 响应时间:10ms
[2025-11-19 16:16:03.819] [IP:::1] 请求开始 - GET /resume/list?size=9999
[2025-11-19 16:16:03.825] [IP:::1] 请求结束 - GET /resume/list?size=9999 - 状态码:200 - 响应时间:6ms
[2025-11-19 16:18:10.852] [IP:::1] 请求开始 - GET /resume/list?size=9999
[2025-11-19 16:18:10.863] [IP:::1] 请求结束 - GET /resume/list?size=9999 - 状态码:200 - 响应时间:11ms
[2025-11-19 16:18:14.158] [IP:::1] 请求开始 - GET /resume/list?size=9999
[2025-11-19 16:18:14.164] [IP:::1] 请求结束 - GET /resume/list?size=9999 - 状态码:200 - 响应时间:6ms
[2025-11-19 16:18:18.088] [IP:::1] 请求开始 - GET /resume/list?size=9999
[2025-11-19 16:18:18.100] [IP:::1] 请求结束 - GET /resume/list?size=9999 - 状态码:200 - 响应时间:12ms
[2025-11-19 16:19:40.552] [IP:::1] 请求开始 - GET /resume/list?size=9999
[2025-11-19 16:19:40.563] [IP:::1] 请求结束 - GET /resume/list?size=9999 - 状态码:200 - 响应时间:12ms
[2025-11-19 16:22:16.553] [IP:::1] 请求开始 - GET /resume/list?size=9999
[2025-11-19 16:22:16.565] [IP:::1] 请求结束 - GET /resume/list?size=9999 - 状态码:200 - 响应时间:12ms
[2025-11-19 16:22:59.480] [IP:::1] 请求开始 - GET /resume/list?size=9999
[2025-11-19 16:22:59.489] [IP:::1] 请求结束 - GET /resume/list?size=9999 - 状态码:200 - 响应时间:9ms
[2025-11-19 16:23:10.559] [IP:::1] 请求开始 - GET /resume/list?size=9999
[2025-11-19 16:23:10.577] [IP:::1] 请求结束 - GET /resume/list?size=9999 - 状态码:200 - 响应时间:18ms
[2025-11-19 16:38:23.070] [IP:::1] 请求开始 - GET /resume/list?size=9999
[2025-11-19 16:38:23.084] [IP:::1] 请求结束 - GET /resume/list?size=9999 - 状态码:200 - 响应时间:14ms
[2025-11-19 16:38:40.137] [IP:::1] 请求开始 - GET /resume/list?size=9999
[2025-11-19 16:38:40.147] [IP:::1] 请求结束 - GET /resume/list?size=9999 - 状态码:200 - 响应时间:10ms
[2025-11-19 16:39:03.968] [IP:::1] 请求开始 - GET /resume/list?size=9999
[2025-11-19 16:39:03.985] [IP:::1] 请求结束 - GET /resume/list?size=9999 - 状态码:200 - 响应时间:17ms
[2025-11-19 16:39:12.793] [IP:::1] 请求开始 - GET /resume/list?size=9999
[2025-11-19 16:39:12.800] [IP:::1] 请求结束 - GET /resume/list?size=9999 - 状态码:200 - 响应时间:7ms
[2025-11-19 16:39:38.418] [IP:::1] 请求开始 - GET /resume/list?size=9999
[2025-11-19 16:39:38.433] [IP:::1] 请求结束 - GET /resume/list?size=9999 - 状态码:200 - 响应时间:15ms
[2025-11-19 16:43:05.584] [IP:::1] 请求开始 - GET /resume/list?size=9999
[2025-11-19 16:43:05.592] [IP:::1] 请求结束 - GET /resume/list?size=9999 - 状态码:200 - 响应时间:8ms
[2025-11-19 16:43:28.892] [IP:::1] 请求开始 - GET /resume/list?size=9999
[2025-11-19 16:43:28.902] [IP:::1] 请求结束 - GET /resume/list?size=9999 - 状态码:200 - 响应时间:10ms
[2025-11-19 16:43:49.591] [IP:::1] 请求开始 - GET /resume/list?size=9999
[2025-11-19 16:43:49.601] [IP:::1] 请求结束 - GET /resume/list?size=9999 - 状态码:200 - 响应时间:10ms
[2025-11-19 16:51:48.277] [IP:::1] 请求开始 - GET /resume/list?size=9999
[2025-11-19 16:51:48.288] [IP:::1] 请求结束 - GET /resume/list?size=9999 - 状态码:200 - 响应时间:11ms
[2025-11-19 16:53:49.049] [IP:::1] 请求开始 - GET /resume/list?size=9999
[2025-11-19 16:53:49.059] [IP:::1] 请求结束 - GET /resume/list?size=9999 - 状态码:200 - 响应时间:9ms
[2025-11-19 16:54:15.244] [IP:::1] 请求开始 - GET /resume/list?size=9999
[2025-11-19 16:54:15.254] [IP:::1] 请求结束 - GET /resume/list?size=9999 - 状态码:200 - 响应时间:10ms
[2025-11-19 17:28:16.859] [IP:::1] 请求开始 - GET /resume/list?size=9999
[2025-11-19 17:28:16.872] [IP:::1] 请求结束 - GET /resume/list?size=9999 - 状态码:200 - 响应时间:13ms
[2025-11-19 17:28:18.956] [IP:::1] 请求开始 - GET /resume/list?size=9999
[2025-11-19 17:28:18.963] [IP:::1] 请求结束 - GET /resume/list?size=9999 - 状态码:200 - 响应时间:7ms
[2025-11-19 17:28:22.799] [IP:::1] 请求开始 - GET /resume/list?size=9999
[2025-11-19 17:28:22.805] [IP:::1] 请求结束 - GET /resume/list?size=9999 - 状态码:200 - 响应时间:6ms
[2025-11-19 17:28:24.844] [IP:::1] 请求开始 - GET /resume/list?size=9999
[2025-11-19 17:28:24.850] [IP:::1] 请求结束 - GET /resume/list?size=9999 - 状态码:200 - 响应时间:6ms
[2025-11-19 17:58:19.325] [IP:::1] 请求开始 - GET /swagger-json
[2025-11-19 17:58:19.361] [IP:::1] 请求结束 - GET /swagger-json - 状态码:200 - 响应时间:36ms
[2025-11-19 20:58:24.318] [IP:::1] 请求开始 - GET /swagger-json
[2025-11-19 20:58:24.374] [IP:::1] 请求结束 - GET /swagger-json - 状态码:200 - 响应时间:56ms
[2025-11-19 21:16:06.490] [IP:::1] 请求开始 - GET /resume/list?size=9999
[2025-11-19 21:16:06.510] [IP:::1] 请求结束 - GET /resume/list?size=9999 - 状态码:200 - 响应时间:20ms
[2025-11-19 21:16:09.771] [IP:::1] 请求开始 - GET /resume/list?size=9999
[2025-11-19 21:16:09.778] [IP:::1] 请求结束 - GET /resume/list?size=9999 - 状态码:200 - 响应时间:7ms
[2025-11-19 21:16:11.908] [IP:::1] 请求开始 - GET /resume/list?size=9999
[2025-11-19 21:16:11.913] [IP:::1] 请求结束 - GET /resume/list?size=9999 - 状态码:200 - 响应时间:5ms
[2025-11-19 21:16:41.404] [IP:::1] 请求开始 - GET /resume/list?size=9999
[2025-11-19 21:16:41.418] [IP:::1] 请求结束 - GET /resume/list?size=9999 - 状态码:200 - 响应时间:14ms
[2025-11-19 21:16:45.461] [IP:::1] 请求开始 - GET /resume/list?size=9999
[2025-11-19 21:16:45.469] [IP:::1] 请求结束 - GET /resume/list?size=9999 - 状态码:200 - 响应时间:8ms
[2025-11-19 21:16:47.468] [IP:::1] 请求开始 - GET /resume/list?size=9999
[2025-11-19 21:16:47.473] [IP:::1] 请求结束 - GET /resume/list?size=9999 - 状态码:200 - 响应时间:5ms
[2025-11-19 21:16:55.861] [IP:::1] 请求开始 - POST /user/login
[2025-11-19 21:16:55.868] [IP:::1] 请求结束 - POST /user/login - 状态码:200 - 响应时间:7ms
[2025-11-19 21:17:01.426] [IP:::1] 请求开始 - GET /resume/list?size=9999
[2025-11-19 21:17:01.427] [IP:::1] 请求结束 - GET /resume/list?size=9999 - 状态码:401 - 响应时间:1ms
[2025-11-19 21:17:02.747] [IP:::1] 请求开始 - POST /user/login
[2025-11-19 21:17:02.750] [IP:::1] 请求结束 - POST /user/login - 状态码:200 - 响应时间:3ms
[2025-11-19 21:17:04.561] [IP:::1] 请求开始 - GET /resume/list?size=9999
[2025-11-19 21:17:04.563] [IP:::1] 请求结束 - GET /resume/list?size=9999 - 状态码:401 - 响应时间:2ms
[2025-11-19 21:17:19.811] [IP:::1] 请求开始 - POST /user/login
[2025-11-19 21:17:19.816] [IP:::1] 请求结束 - POST /user/login - 状态码:200 - 响应时间:4ms
[2025-11-19 21:17:23.116] [IP:::1] 请求开始 - GET /resume/list?size=9999
[2025-11-19 21:17:23.117] [IP:::1] 请求结束 - GET /resume/list?size=9999 - 状态码:401 - 响应时间:1ms
[2025-11-19 21:20:23.327] [IP:::1] 请求开始 - POST /user/login
[2025-11-19 21:20:23.333] [IP:::1] 请求结束 - POST /user/login - 状态码:200 - 响应时间:6ms
[2025-11-19 21:20:33.906] [IP:::1] 请求开始 - GET /resume/list?size=9999
[2025-11-19 21:20:33.907] [IP:::1] 请求结束 - GET /resume/list?size=9999 - 状态码:401 - 响应时间:1ms
[2025-11-19 21:20:43.153] [IP:::1] 请求开始 - GET /resume/list?size=9999
[2025-11-19 21:20:43.155] [IP:::1] 请求结束 - GET /resume/list?size=9999 - 状态码:401 - 响应时间:2ms
[2025-11-19 21:21:39.122] [IP:::1] 请求开始 - GET /resume/list?size=9999
[2025-11-19 21:21:39.124] [IP:::1] 请求结束 - GET /resume/list?size=9999 - 状态码:401 - 响应时间:2ms
[2025-11-19 21:21:40.237] [IP:::1] 请求开始 - POST /user/login
[2025-11-19 21:21:40.242] [IP:::1] 请求结束 - POST /user/login - 状态码:200 - 响应时间:5ms
[2025-11-19 21:21:41.868] [IP:::1] 请求开始 - GET /resume/list?size=9999
[2025-11-19 21:21:41.877] [IP:::1] 请求结束 - GET /resume/list?size=9999 - 状态码:200 - 响应时间:9ms
[2025-11-19 21:21:59.038] [IP:::1] 请求开始 - GET /resume/list?size=9999
[2025-11-19 21:21:59.050] [IP:::1] 请求结束 - GET /resume/list?size=9999 - 状态码:200 - 响应时间:12ms
[2025-11-19 21:22:04.120] [IP:::1] 请求开始 - GET /resume/list?size=9999
[2025-11-19 21:22:04.127] [IP:::1] 请求结束 - GET /resume/list?size=9999 - 状态码:200 - 响应时间:7ms
[2025-11-19 21:27:31.663] [IP:::1] 请求开始 - GET /resume/list?size=9999
[2025-11-19 21:27:31.687] [IP:::1] 请求结束 - GET /resume/list?size=9999 - 状态码:200 - 响应时间:24ms
[2025-11-19 21:27:34.460] [IP:::1] 请求开始 - GET /system-page/list?current=1&size=20&descs=create_time&scene=yesong
[2025-11-19 21:27:34.467] [IP:::1] 请求结束 - GET /system-page/list?current=1&size=20&descs=create_time&scene=yesong - 状态码:200 - 响应时间:7ms
[2025-11-19 21:27:37.131] [IP:::1] 请求开始 - GET /system-page/list?current=1&size=20&descs=create_time&scene=yesong
[2025-11-19 21:27:37.134] [IP:::1] 请求结束 - GET /system-page/list?current=1&size=20&descs=create_time&scene=yesong - 状态码:200 - 响应时间:3ms
[2025-11-19 21:27:38.171] [IP:::1] 请求开始 - GET /navigation/list?current=1&size=20&descs=create_time&scene=yesong
[2025-11-19 21:27:38.177] [IP:::1] 请求结束 - GET /navigation/list?current=1&size=20&descs=create_time&scene=yesong - 状态码:200 - 响应时间:6ms
[2025-11-19 21:27:38.594] [IP:::1] 请求开始 - GET /decorate/customize/list?current=1&size=20&descs=create_time&scene=yesong
[2025-11-19 21:27:38.599] [IP:::1] 请求结束 - GET /decorate/customize/list?current=1&size=20&descs=create_time&scene=yesong - 状态码:200 - 响应时间:5ms
[2025-11-19 21:27:39.523] [IP:::1] 请求开始 - GET /user/list?current=1&size=20&descs=create_time
[2025-11-19 21:27:39.554] [IP:::1] 请求结束 - GET /user/list?current=1&size=20&descs=create_time - 状态码:200 - 响应时间:31ms
[2025-11-19 21:27:40.188] [IP:::1] 请求开始 - GET /shop/list?current=1&size=20&descs=create_time
[2025-11-19 21:27:40.196] [IP:::1] 请求结束 - GET /shop/list?current=1&size=20&descs=create_time - 状态码:200 - 响应时间:8ms
[2025-11-19 21:27:40.551] [IP:::1] 请求开始 - GET /resume/list?size=9999
[2025-11-19 21:27:40.557] [IP:::1] 请求结束 - GET /resume/list?size=9999 - 状态码:200 - 响应时间:6ms
[2025-11-19 21:27:43.024] [IP:::1] 请求开始 - GET /resume/list?size=9999
[2025-11-19 21:27:43.030] [IP:::1] 请求结束 - GET /resume/list?size=9999 - 状态码:200 - 响应时间:6ms
[2025-11-19 21:27:44.033] [IP:::1] 请求开始 - GET /shop/list?current=1&size=20&descs=create_time
[2025-11-19 21:27:44.039] [IP:::1] 请求结束 - GET /shop/list?current=1&size=20&descs=create_time - 状态码:200 - 响应时间:6ms
[2025-11-19 21:45:24.853] [IP:::1] 请求开始 - GET /resume/list?size=9999
[2025-11-19 21:45:24.865] [IP:::1] 请求结束 - GET /resume/list?size=9999 - 状态码:200 - 响应时间:12ms
[2025-11-19 22:19:24.246] [IP:::1] 请求开始 - GET /resume/list?size=9999
[2025-11-19 22:19:24.256] [IP:::1] 请求结束 - GET /resume/list?size=9999 - 状态码:200 - 响应时间:10ms
[2025-11-19 22:19:27.005] [IP:::1] 请求开始 - GET /resume/list?size=9999
[2025-11-19 22:19:27.012] [IP:::1] 请求结束 - GET /resume/list?size=9999 - 状态码:200 - 响应时间:7ms
[2025-11-19 22:52:18.098] [IP:::1] 请求开始 - GET /resume/list?size=9999
[2025-11-19 22:52:18.108] [IP:::1] 请求结束 - GET /resume/list?size=9999 - 状态码:200 - 响应时间:10ms
[2025-11-19 22:52:19.792] [IP:::1] 请求开始 - GET /shop/list?current=1&size=20&descs=create_time
[2025-11-19 22:52:19.799] [IP:::1] 请求结束 - GET /shop/list?current=1&size=20&descs=create_time - 状态码:200 - 响应时间:7ms
[2025-11-19 22:52:21.807] [IP:::1] 请求开始 - GET /resume/list?size=9999
[2025-11-19 22:52:21.815] [IP:::1] 请求结束 - GET /resume/list?size=9999 - 状态码:200 - 响应时间:8ms
[2025-11-19 23:15:55.163] [IP:::1] 请求开始 - POST /upload/image
[2025-11-19 23:15:55.171] [IP:::1] 请求结束 - POST /upload/image - 状态码:200 - 响应时间:8ms
[2025-11-19 23:15:55.185] [IP:::1] 请求开始 - GET /upload/u6o66b3h08q5vu8ftqtuy600d.jpg
[2025-11-19 23:15:55.188] [IP:::1] 请求结束 - GET /upload/u6o66b3h08q5vu8ftqtuy600d.jpg - 状态码:200 - 响应时间:3ms
[2025-11-19 23:58:25.385] [IP:::1] 请求开始 - GET /swagger-json
[2025-11-19 23:58:25.440] [IP:::1] 请求结束 - GET /swagger-json - 状态码:200 - 响应时间:55ms
[2025-11-20 01:50:55.718] [IP:::1] 请求开始 - POST /resume/create
[2025-11-20 01:50:55.736] [IP:::1] 请求结束 - POST /resume/create - 状态码:401 - 响应时间:18ms
[2025-11-20 01:50:57.474] [IP:::1] 请求开始 - POST /user/login
[2025-11-20 01:50:57.479] [IP:::1] 请求结束 - POST /user/login - 状态码:200 - 响应时间:5ms
[2025-11-20 01:51:00.630] [IP:::1] 请求开始 - GET /resume/list?size=9999
[2025-11-20 01:51:00.645] [IP:::1] 请求结束 - GET /resume/list?size=9999 - 状态码:200 - 响应时间:15ms
[2025-11-20 01:51:11.739] [IP:::1] 请求开始 - GET /resume/list?size=9999
[2025-11-20 01:51:11.751] [IP:::1] 请求结束 - GET /resume/list?size=9999 - 状态码:200 - 响应时间:11ms
[2025-11-20 01:51:14.538] [IP:::1] 请求开始 - GET /resume/list?size=9999
[2025-11-20 01:51:14.543] [IP:::1] 请求结束 - GET /resume/list?size=9999 - 状态码:200 - 响应时间:5ms
[2025-11-20 02:08:48.735] [IP:::1] 请求开始 - GET /resume/list?size=9999
[2025-11-20 02:08:48.746] [IP:::1] 请求结束 - GET /resume/list?size=9999 - 状态码:200 - 响应时间:11ms
[2025-11-20 02:26:35.139] [IP:::1] 请求开始 - POST /upload/image
[2025-11-20 02:26:35.145] [IP:::1] 请求结束 - POST /upload/image - 状态码:200 - 响应时间:6ms
[2025-11-20 02:26:35.157] [IP:::1] 请求开始 - GET /upload/c1t0tsha4rb469mkxa60jijw4.jpg
[2025-11-20 02:26:35.162] [IP:::1] 请求结束 - GET /upload/c1t0tsha4rb469mkxa60jijw4.jpg - 状态码:200 - 响应时间:5ms
[2025-11-20 02:26:37.891] [IP:::1] 请求开始 - POST /resume/create
[2025-11-20 02:26:37.895] [IP:::1] 请求结束 - POST /resume/create - 状态码:401 - 响应时间:4ms
[2025-11-20 02:29:22.887] [IP:::1] 请求开始 - GET /resume/list?size=9999
[2025-11-20 02:29:22.888] [IP:::1] 请求结束 - GET /resume/list?size=9999 - 状态码:401 - 响应时间:1ms
[2025-11-20 02:29:24.723] [IP:::1] 请求开始 - POST /user/login
[2025-11-20 02:29:24.729] [IP:::1] 请求结束 - POST /user/login - 状态码:200 - 响应时间:6ms
[2025-11-20 02:29:26.447] [IP:::1] 请求开始 - GET /resume/list?size=9999
[2025-11-20 02:29:26.455] [IP:::1] 请求结束 - GET /resume/list?size=9999 - 状态码:200 - 响应时间:8ms
[2025-11-20 02:29:32.945] [IP:::1] 请求开始 - POST /resume/create
[2025-11-20 02:29:32.972] [IP:::1] 请求结束 - POST /resume/create - 状态码:200 - 响应时间:27ms
[2025-11-20 02:30:42.458] [IP:::1] 请求开始 - GET /resume/detail/0d15e4e7e2e04d438b0c3645a39f5fb6
[2025-11-20 02:30:42.465] [IP:::1] 请求结束 - GET /resume/detail/0d15e4e7e2e04d438b0c3645a39f5fb6 - 状态码:200 - 响应时间:7ms
[2025-11-20 02:31:15.567] [IP:::1] 请求开始 - GET /resume/detail/0d15e4e7e2e04d438b0c3645a39f5fb6
[2025-11-20 02:31:15.575] [IP:::1] 请求结束 - GET /resume/detail/0d15e4e7e2e04d438b0c3645a39f5fb6 - 状态码:200 - 响应时间:8ms
[2025-11-20 02:31:34.462] [IP:::1] 请求开始 - GET /resume/detail/0d15e4e7e2e04d438b0c3645a39f5fb6
[2025-11-20 02:31:34.469] [IP:::1] 请求结束 - GET /resume/detail/0d15e4e7e2e04d438b0c3645a39f5fb6 - 状态码:200 - 响应时间:7ms
[2025-11-20 02:32:08.001] [IP:::1] 请求开始 - PUT /resume/update/0d15e4e7e2e04d438b0c3645a39f5fb6
[2025-11-20 02:32:08.007] [IP:::1] 请求错误 - PUT /resume/update/0d15e4e7e2e04d438b0c3645a39f5fb6 - 状态码:404 - 响应时间:6ms - 错误信息:[
  {
    "code": "invalid_type",
    "expected": "number",
    "received": "undefined",
    "path": [
      "id"
    ],
    "message": "Required"
  },
  {
    "code": "invalid_type",
    "expected": "string",
    "received": "object",
    "path": [
      "data"
    ],
    "message": "Expected string, received object"
  }
]
[2025-11-20 02:36:54.056] [IP:::1] 请求开始 - GET /resume/detail/0d15e4e7e2e04d438b0c3645a39f5fb6
[2025-11-20 02:36:54.072] [IP:::1] 请求结束 - GET /resume/detail/0d15e4e7e2e04d438b0c3645a39f5fb6 - 状态码:200 - 响应时间:16ms
[2025-11-20 02:37:41.684] [IP:::1] 请求开始 - GET /resume/detail/0d15e4e7e2e04d438b0c3645a39f5fb6
[2025-11-20 02:37:41.692] [IP:::1] 请求结束 - GET /resume/detail/0d15e4e7e2e04d438b0c3645a39f5fb6 - 状态码:200 - 响应时间:8ms
[2025-11-20 02:41:12.285] [IP:::1] 请求开始 - GET /resume/detail/0d15e4e7e2e04d438b0c3645a39f5fb6
[2025-11-20 02:41:12.293] [IP:::1] 请求结束 - GET /resume/detail/0d15e4e7e2e04d438b0c3645a39f5fb6 - 状态码:200 - 响应时间:8ms
[2025-11-20 02:41:40.365] [IP:::1] 请求开始 - GET /resume/list?size=9999
[2025-11-20 02:41:40.378] [IP:::1] 请求结束 - GET /resume/list?size=9999 - 状态码:200 - 响应时间:13ms
[2025-11-20 02:41:42.594] [IP:::1] 请求开始 - GET /resume/list?size=9999
[2025-11-20 02:41:42.600] [IP:::1] 请求结束 - GET /resume/list?size=9999 - 状态码:200 - 响应时间:6ms
[2025-11-20 02:44:22.932] [IP:::1] 请求开始 - GET /resume/list?size=9999&page=1
[2025-11-20 02:44:22.955] [IP:::1] 请求结束 - GET /resume/list?size=9999&page=1 - 状态码:200 - 响应时间:24ms
[2025-11-20 02:48:14.967] [IP:::1] 请求开始 - GET /resume/list?size=9999&page=1
[2025-11-20 02:48:14.990] [IP:::1] 请求结束 - GET /resume/list?size=9999&page=1 - 状态码:200 - 响应时间:23ms
[2025-11-20 02:49:27.264] [IP:::1] 请求开始 - GET /resume/list?size=9999&page=1
[2025-11-20 02:49:27.286] [IP:::1] 请求结束 - GET /resume/list?size=9999&page=1 - 状态码:200 - 响应时间:22ms
[2025-11-20 02:49:32.268] [IP:::1] 请求开始 - GET /resume/list?size=9999&page=1
[2025-11-20 02:49:32.276] [IP:::1] 请求结束 - GET /resume/list?size=9999&page=1 - 状态码:200 - 响应时间:8ms
[2025-11-20 02:50:03.905] [IP:::1] 请求开始 - GET /resume/list?size=9999&page=1
[2025-11-20 02:50:03.916] [IP:::1] 请求结束 - GET /resume/list?size=9999&page=1 - 状态码:200 - 响应时间:11ms
[2025-11-20 02:50:11.330] [IP:::1] 请求开始 - GET /resume/list?size=9999&page=1
[2025-11-20 02:50:11.337] [IP:::1] 请求结束 - GET /resume/list?size=9999&page=1 - 状态码:200 - 响应时间:7ms
[2025-11-20 02:58:26.367] [IP:::1] 请求开始 - GET /swagger-json
[2025-11-20 02:58:26.390] [IP:::1] 请求结束 - GET /swagger-json - 状态码:200 - 响应时间:23ms
[2025-11-20 03:50:14.437] [IP:::1] 请求开始 - GET /resume/list?size=9999&page=1
[2025-11-20 03:50:14.448] [IP:::1] 请求结束 - GET /resume/list?size=9999&page=1 - 状态码:200 - 响应时间:11ms
[2025-11-20 05:58:30.135] [IP:::1] 请求开始 - GET /swagger-json
[2025-11-20 05:58:30.163] [IP:::1] 请求结束 - GET /swagger-json - 状态码:200 - 响应时间:28ms
[2025-11-20 08:58:31.068] [IP:::1] 请求开始 - GET /swagger-json
[2025-11-20 08:58:31.098] [IP:::1] 请求结束 - GET /swagger-json - 状态码:200 - 响应时间:30ms
[2025-11-20 11:58:32.177] [IP:::1] 请求开始 - GET /swagger-json
[2025-11-20 11:58:32.213] [IP:::1] 请求结束 - GET /swagger-json - 状态码:200 - 响应时间:36ms
[2025-11-20 12:55:48.195] [IP:::1] 请求开始 - POST /resume/create
[2025-11-20 12:55:48.202] [IP:::1] 请求结束 - POST /resume/create - 状态码:401 - 响应时间:7ms
[2025-11-20 12:55:52.712] [IP:::1] 请求开始 - POST /user/login
[2025-11-20 12:55:52.716] [IP:::1] 请求结束 - POST /user/login - 状态码:200 - 响应时间:4ms
[2025-11-20 12:55:55.110] [IP:::1] 请求开始 - GET /resume/list?size=9999&page=1
[2025-11-20 12:55:55.122] [IP:::1] 请求结束 - GET /resume/list?size=9999&page=1 - 状态码:200 - 响应时间:12ms
[2025-11-20 12:55:59.210] [IP:::1] 请求开始 - POST /resume/create
[2025-11-20 12:55:59.222] [IP:::1] 请求结束 - POST /resume/create - 状态码:200 - 响应时间:12ms
[2025-11-20 12:56:04.634] [IP:::1] 请求开始 - GET /resume/list?size=9999&page=1
[2025-11-20 12:56:04.640] [IP:::1] 请求结束 - GET /resume/list?size=9999&page=1 - 状态码:200 - 响应时间:6ms
[2025-11-20 12:56:06.322] [IP:::1] 请求开始 - GET /resume/list?size=9999&page=1
[2025-11-20 12:56:06.328] [IP:::1] 请求结束 - GET /resume/list?size=9999&page=1 - 状态码:200 - 响应时间:6ms
[2025-11-20 12:59:10.584] [IP:::1] 请求开始 - GET /resume/list?size=9999&page=1
[2025-11-20 12:59:10.603] [IP:::1] 请求结束 - GET /resume/list?size=9999&page=1 - 状态码:200 - 响应时间:19ms
[2025-11-20 13:05:10.275] [IP:::1] 请求开始 - GET /resume/list?size=9999&page=1
[2025-11-20 13:05:10.289] [IP:::1] 请求结束 - GET /resume/list?size=9999&page=1 - 状态码:200 - 响应时间:14ms
[2025-11-20 14:47:50.532] [IP:::1] 请求开始 - GET /resume/list?size=9999&page=1
[2025-11-20 14:47:50.564] [IP:::1] 请求结束 - GET /resume/list?size=9999&page=1 - 状态码:200 - 响应时间:32ms
[2025-11-20 14:48:15.262] [IP:::1] 请求开始 - GET /resume/detail/762a1b1398314ec986f28b020e74d8cd
[2025-11-20 14:48:15.283] [IP:::1] 请求结束 - GET /resume/detail/762a1b1398314ec986f28b020e74d8cd - 状态码:200 - 响应时间:21ms
[2025-11-20 14:48:16.245] [IP:::1] 请求开始 - GET /resume/list?size=9999&page=1
[2025-11-20 14:48:16.253] [IP:::1] 请求结束 - GET /resume/list?size=9999&page=1 - 状态码:200 - 响应时间:8ms
[2025-11-20 14:48:17.791] [IP:::1] 请求开始 - GET /resume/list?size=9999&page=1
[2025-11-20 14:48:17.801] [IP:::1] 请求结束 - GET /resume/list?size=9999&page=1 - 状态码:200 - 响应时间:10ms
[2025-11-20 14:50:39.616] [IP:::1] 请求开始 - GET /resume/detail/0d15e4e7e2e04d438b0c3645a39f5fb6
[2025-11-20 14:50:39.624] [IP:::1] 请求结束 - GET /resume/detail/0d15e4e7e2e04d438b0c3645a39f5fb6 - 状态码:200 - 响应时间:8ms
[2025-11-20 14:50:40.814] [IP:::1] 请求开始 - GET /resume/list?size=9999&page=1
[2025-11-20 14:50:40.822] [IP:::1] 请求结束 - GET /resume/list?size=9999&page=1 - 状态码:200 - 响应时间:8ms
[2025-11-20 14:50:41.352] [IP:::1] 请求开始 - GET /resume/detail/0d15e4e7e2e04d438b0c3645a39f5fb6
[2025-11-20 14:50:41.359] [IP:::1] 请求结束 - GET /resume/detail/0d15e4e7e2e04d438b0c3645a39f5fb6 - 状态码:200 - 响应时间:7ms
[2025-11-20 14:50:42.268] [IP:::1] 请求开始 - GET /resume/list?size=9999&page=1
[2025-11-20 14:50:42.274] [IP:::1] 请求结束 - GET /resume/list?size=9999&page=1 - 状态码:200 - 响应时间:6ms
[2025-11-20 14:58:39.436] [IP:::1] 请求开始 - GET /swagger-json
[2025-11-20 14:58:39.458] [IP:::1] 请求结束 - GET /swagger-json - 状态码:200 - 响应时间:22ms
[2025-11-20 15:05:57.065] [IP:::1] 请求开始 - GET /resume/list?size=9999&page=1
[2025-11-20 15:05:57.077] [IP:::1] 请求结束 - GET /resume/list?size=9999&page=1 - 状态码:200 - 响应时间:12ms
[2025-11-20 16:20:53.324] [IP:::1] 请求开始 - GET /resume/list?size=9999&page=1
[2025-11-20 16:20:53.348] [IP:::1] 请求结束 - GET /resume/list?size=9999&page=1 - 状态码:200 - 响应时间:24ms
[2025-11-20 16:38:37.499] [IP:::1] 请求开始 - GET /resume/detail/0d15e4e7e2e04d438b0c3645a39f5fb6
[2025-11-20 16:38:37.510] [IP:::1] 请求结束 - GET /resume/detail/0d15e4e7e2e04d438b0c3645a39f5fb6 - 状态码:200 - 响应时间:11ms
[2025-11-20 16:38:38.484] [IP:::1] 请求开始 - GET /resume/list?size=9999&page=1
[2025-11-20 16:38:38.492] [IP:::1] 请求结束 - GET /resume/list?size=9999&page=1 - 状态码:200 - 响应时间:8ms
[2025-11-20 16:48:42.553] [IP:::1] 请求开始 - GET /resume/list?size=9999&page=1
[2025-11-20 16:48:42.566] [IP:::1] 请求结束 - GET /resume/list?size=9999&page=1 - 状态码:200 - 响应时间:13ms
[2025-11-20 16:48:44.137] [IP:::1] 请求开始 - GET /resume/list?size=9999&page=1
[2025-11-20 16:48:44.145] [IP:::1] 请求结束 - GET /resume/list?size=9999&page=1 - 状态码:200 - 响应时间:8ms
[2025-11-20 16:48:46.189] [IP:::1] 请求开始 - GET /resume/list?size=9999&page=1
[2025-11-20 16:48:46.196] [IP:::1] 请求结束 - GET /resume/list?size=9999&page=1 - 状态码:200 - 响应时间:7ms
[2025-11-20 16:48:48.510] [IP:::1] 请求开始 - GET /system-page/list?current=1&size=20&descs=create_time&scene=yesong
[2025-11-20 16:48:48.520] [IP:::1] 请求结束 - GET /system-page/list?current=1&size=20&descs=create_time&scene=yesong - 状态码:200 - 响应时间:10ms
[2025-11-20 16:48:50.105] [IP:::1] 请求开始 - GET /system-page/list?current=1&size=20&descs=create_time&scene=yesong
[2025-11-20 16:48:50.109] [IP:::1] 请求结束 - GET /system-page/list?current=1&size=20&descs=create_time&scene=yesong - 状态码:200 - 响应时间:4ms
[2025-11-20 16:48:52.031] [IP:::1] 请求开始 - POST /user/login
[2025-11-20 16:48:52.037] [IP:::1] 请求结束 - POST /user/login - 状态码:200 - 响应时间:6ms
[2025-11-20 16:48:52.068] [IP:::1] 请求开始 - GET /resume/list?size=9999&page=1
[2025-11-20 16:48:52.075] [IP:::1] 请求结束 - GET /resume/list?size=9999&page=1 - 状态码:200 - 响应时间:7ms
[2025-11-20 16:49:00.405] [IP:::1] 请求开始 - GET /system-page/list?current=1&size=20&descs=create_time&scene=yesong
[2025-11-20 16:49:00.409] [IP:::1] 请求结束 - GET /system-page/list?current=1&size=20&descs=create_time&scene=yesong - 状态码:200 - 响应时间:4ms
[2025-11-20 16:49:02.227] [IP:::1] 请求开始 - GET /system-page/list?current=1&size=20&descs=create_time&scene=yesong
[2025-11-20 16:49:02.233] [IP:::1] 请求结束 - GET /system-page/list?current=1&size=20&descs=create_time&scene=yesong - 状态码:200 - 响应时间:6ms
[2025-11-20 16:49:02.685] [IP:::1] 请求开始 - GET /resume/list?size=9999&page=1
[2025-11-20 16:49:02.692] [IP:::1] 请求结束 - GET /resume/list?size=9999&page=1 - 状态码:200 - 响应时间:7ms
[2025-11-20 16:49:03.495] [IP:::1] 请求开始 - GET /system-page/list?current=1&size=20&descs=create_time&scene=yesong
[2025-11-20 16:49:03.499] [IP:::1] 请求结束 - GET /system-page/list?current=1&size=20&descs=create_time&scene=yesong - 状态码:200 - 响应时间:4ms
[2025-11-20 16:49:04.481] [IP:::1] 请求开始 - GET /navigation/list?current=1&size=20&descs=create_time&scene=yesong
[2025-11-20 16:49:04.488] [IP:::1] 请求结束 - GET /navigation/list?current=1&size=20&descs=create_time&scene=yesong - 状态码:200 - 响应时间:7ms
[2025-11-20 16:49:04.990] [IP:::1] 请求开始 - GET /system-page/list?current=1&size=20&descs=create_time&scene=yesong
[2025-11-20 16:49:04.994] [IP:::1] 请求结束 - GET /system-page/list?current=1&size=20&descs=create_time&scene=yesong - 状态码:200 - 响应时间:4ms
[2025-11-20 16:51:06.738] [IP:::1] 请求开始 - GET /resume/list?size=9999&page=1
[2025-11-20 16:51:06.751] [IP:::1] 请求结束 - GET /resume/list?size=9999&page=1 - 状态码:200 - 响应时间:13ms
[2025-11-20 16:51:15.332] [IP:::1] 请求开始 - GET /system-page/list?current=1&size=20&descs=create_time&scene=yesong
[2025-11-20 16:51:15.336] [IP:::1] 请求结束 - GET /system-page/list?current=1&size=20&descs=create_time&scene=yesong - 状态码:200 - 响应时间:4ms
[2025-11-20 16:51:19.313] [IP:::1] 请求开始 - GET /resume/list?size=9999&page=1
[2025-11-20 16:51:19.318] [IP:::1] 请求结束 - GET /resume/list?size=9999&page=1 - 状态码:200 - 响应时间:5ms
